<?xml version="1.0" encoding="UTF-8"?>
<testng-results total="1" passed="0" failed="1" skipped="0">
  <reporter-output>
  </reporter-output>
  <suite started-at="2018-04-19T10:05:37Z" name="Default suite" finished-at="2018-04-19T10:06:31Z" duration-ms="54369">
    <groups>
    </groups>
    <test started-at="2018-04-19T10:05:37Z" name="Default test" finished-at="2018-04-19T10:06:31Z" duration-ms="54369">
      <class name="com.digisight.webapp.automation.test.PhyRegTests">
        <test-method is-config="true" signature="Browser()[pri:0, instance:com.digisight.webapp.automation.test.PhyRegTests@4961f6af]" started-at="2018-04-19T15:35:37Z" name="Browser" finished-at="2018-04-19T15:36:14Z" duration-ms="37167" status="PASS">
          <reporter-output>
          </reporter-output>
        </test-method> <!-- Browser -->
        <test-method signature="AdminReg(java.lang.String, java.lang.String, java.lang.String, java.lang.String, java.lang.String, java.lang.String, java.lang.String)[pri:1, instance:com.digisight.webapp.automation.test.PhyRegTests@4961f6af]" started-at="2018-04-19T15:36:14Z" name="AdminReg" data-provider="AdminEmail" finished-at="2018-04-19T15:36:25Z" duration-ms="11369" status="FAIL">
          <params>
            <param index="0">
              <value>
                <![CDATA[Practice Administrator]]>
              </value>
            </param>
            <param index="1">
              <value>
                <![CDATA[admin.19Apr153537@digisight.nett]]>
              </value>
            </param>
            <param index="2">
              <value>
                <![CDATA[Sunil@123]]>
              </value>
            </param>
            <param index="3">
              <value>
                <![CDATA[AdminCheck]]>
              </value>
            </param>
            <param index="4">
              <value>
                <![CDATA[User]]>
              </value>
            </param>
            <param index="5">
              <value>
                <![CDATA[Roselind]]>
              </value>
            </param>
            <param index="6">
              <value>
                <![CDATA[WS]]>
              </value>
            </param>
          </params>
          <exception class="org.openqa.selenium.UnhandledAlertException">
            <message>
              <![CDATA[Unexpected modal dialog (text: user: sightbook
Unused Eager Loading detected
  Physician => [:preferences, :specialties]
  Remove from your finder: :includes => [:preferences, :specialties]


/u/apps/qa2.digisight.net/releases/20180418212526/app/middleware/flash_session_cookie_middleware.rb:20:in `call'): user: sightbook
Unused Eager Loading detected
  Physician => [:preferences, :specialties]
  Remove from your finder: :includes => [:preferences, :specialties]


/u/apps/qa2.digisight.net/releases/20180418212526/app/middleware/flash_session_cookie_middleware.rb:20:in `call'
Build info: version: '2.53.1', revision: 'a36b8b1', time: '2016-06-30 17:32:46'
System info: host: 'PRINHYLTPAP0877.local', ip: '172.16.48.101', os.name: 'Mac OS X', os.arch: 'x86_64', os.version: '10.13.4', java.version: '9.0.1'
Driver info: org.openqa.selenium.firefox.FirefoxDriver
Capabilities [{applicationCacheEnabled=true, rotatable=false, handlesAlerts=true, databaseEnabled=true, version=46.0, platform=MAC, nativeEvents=false, acceptSslCerts=true, webStorageEnabled=true, locationContextEnabled=true, browserName=firefox, takesScreenshot=true, javascriptEnabled=true, cssSelectorsEnabled=true}]
Session ID: 0479ef7f-6b3d-594f-bd3f-5532afdb8af2
*** Element info: {Using=name, value=Administer Practice}]]>
            </message>
            <full-stacktrace>
              <![CDATA[org.openqa.selenium.UnhandledAlertException: Unexpected modal dialog (text: user: sightbook
Unused Eager Loading detected
  Physician => [:preferences, :specialties]
  Remove from your finder: :includes => [:preferences, :specialties]


/u/apps/qa2.digisight.net/releases/20180418212526/app/middleware/flash_session_cookie_middleware.rb:20:in `call'): user: sightbook
Unused Eager Loading detected
  Physician => [:preferences, :specialties]
  Remove from your finder: :includes => [:preferences, :specialties]


/u/apps/qa2.digisight.net/releases/20180418212526/app/middleware/flash_session_cookie_middleware.rb:20:in `call'
Build info: version: '2.53.1', revision: 'a36b8b1', time: '2016-06-30 17:32:46'
System info: host: 'PRINHYLTPAP0877.local', ip: '172.16.48.101', os.name: 'Mac OS X', os.arch: 'x86_64', os.version: '10.13.4', java.version: '9.0.1'
Driver info: org.openqa.selenium.firefox.FirefoxDriver
Capabilities [{applicationCacheEnabled=true, rotatable=false, handlesAlerts=true, databaseEnabled=true, version=46.0, platform=MAC, nativeEvents=false, acceptSslCerts=true, webStorageEnabled=true, locationContextEnabled=true, browserName=firefox, takesScreenshot=true, javascriptEnabled=true, cssSelectorsEnabled=true}]
Session ID: 0479ef7f-6b3d-594f-bd3f-5532afdb8af2
*** Element info: {Using=name, value=Administer Practice}
	at java.base/jdk.internal.reflect.NativeConstructorAccessorImpl.newInstance0(Native Method)
	at java.base/jdk.internal.reflect.NativeConstructorAccessorImpl.newInstance(NativeConstructorAccessorImpl.java:62)
	at java.base/jdk.internal.reflect.DelegatingConstructorAccessorImpl.newInstance(DelegatingConstructorAccessorImpl.java:45)
	at java.base/java.lang.reflect.Constructor.newInstance(Constructor.java:488)
	at org.openqa.selenium.remote.ErrorHandler.createThrowable(ErrorHandler.java:206)
	at org.openqa.selenium.remote.ErrorHandler.createUnhandledAlertException(ErrorHandler.java:187)
	at org.openqa.selenium.remote.ErrorHandler.throwIfResponseFailed(ErrorHandler.java:154)
	at org.openqa.selenium.remote.RemoteWebDriver.execute(RemoteWebDriver.java:678)
	at org.openqa.selenium.remote.RemoteWebDriver.findElement(RemoteWebDriver.java:363)
	at org.openqa.selenium.remote.RemoteWebDriver.findElementByName(RemoteWebDriver.java:461)
	at org.openqa.selenium.By$ByName.findElement(By.java:303)
	at org.openqa.selenium.remote.RemoteWebDriver.findElement(RemoteWebDriver.java:355)
	at org.openqa.selenium.support.pagefactory.DefaultElementLocator.findElement(DefaultElementLocator.java:69)
	at org.openqa.selenium.support.pagefactory.internal.LocatingElementHandler.invoke(LocatingElementHandler.java:38)
	at com.sun.proxy.$Proxy10.click(Unknown Source)
	at com.digisight.webapp.automation.test.PhyRegTests.AdminReg(PhyRegTests.java:32)
	at java.base/jdk.internal.reflect.NativeMethodAccessorImpl.invoke0(Native Method)
	at java.base/jdk.internal.reflect.NativeMethodAccessorImpl.invoke(NativeMethodAccessorImpl.java:62)
	at java.base/jdk.internal.reflect.DelegatingMethodAccessorImpl.invoke(DelegatingMethodAccessorImpl.java:43)
	at java.base/java.lang.reflect.Method.invoke(Method.java:564)
	at org.testng.internal.MethodInvocationHelper.invokeMethod(MethodInvocationHelper.java:85)
	at org.testng.internal.Invoker.invokeMethod(Invoker.java:639)
	at org.testng.internal.Invoker.invokeTestMethod(Invoker.java:816)
	at org.testng.internal.Invoker.invokeTestMethods(Invoker.java:1124)
	at org.testng.internal.TestMethodWorker.invokeTestMethods(TestMethodWorker.java:125)
	at org.testng.internal.TestMethodWorker.run(TestMethodWorker.java:108)
	at org.testng.TestRunner.privateRun(TestRunner.java:774)
	at org.testng.TestRunner.run(TestRunner.java:624)
	at org.testng.SuiteRunner.runTest(SuiteRunner.java:359)
	at org.testng.SuiteRunner.runSequentially(SuiteRunner.java:354)
	at org.testng.SuiteRunner.privateRun(SuiteRunner.java:312)
	at org.testng.SuiteRunner.run(SuiteRunner.java:261)
	at org.testng.SuiteRunnerWorker.runSuite(SuiteRunnerWorker.java:52)
	at org.testng.SuiteRunnerWorker.run(SuiteRunnerWorker.java:86)
	at org.testng.TestNG.runSuitesSequentially(TestNG.java:1215)
	at org.testng.TestNG.runSuitesLocally(TestNG.java:1140)
	at org.testng.TestNG.run(TestNG.java:1048)
	at org.testng.remote.AbstractRemoteTestNG.run(AbstractRemoteTestNG.java:114)
	at org.testng.remote.RemoteTestNG.initAndRun(RemoteTestNG.java:251)
	at org.testng.remote.RemoteTestNG.main(RemoteTestNG.java:77)
]]>
            </full-stacktrace>
          </exception> <!-- org.openqa.selenium.UnhandledAlertException -->
          <reporter-output>
          </reporter-output>
        </test-method> <!-- AdminReg -->
        <test-method is-config="true" signature="tearDown()[pri:0, instance:com.digisight.webapp.automation.test.PhyRegTests@4961f6af]" started-at="2018-04-19T15:36:26Z" name="tearDown" finished-at="2018-04-19T15:36:31Z" duration-ms="5290" status="PASS">
          <reporter-output>
          </reporter-output>
        </test-method> <!-- tearDown -->
      </class> <!-- com.digisight.webapp.automation.test.PhyRegTests -->
    </test> <!-- Default test -->
  </suite> <!-- Default suite -->
</testng-results>
