<?xml version="1.0" encoding="UTF-8"?>
<testng-results ignored="0" total="1" passed="1" failed="0" skipped="0">
  <reporter-output>
  </reporter-output>
  <suite started-at="2018-05-15T11:56:06Z" name="Default suite" finished-at="2018-05-15T11:56:41Z" duration-ms="34981">
    <groups>
    </groups>
    <test started-at="2018-05-15T11:56:06Z" name="Default test" finished-at="2018-05-15T11:56:41Z" duration-ms="34981">
      <class name="com.webapp.automation.test.HomePageTest">
        <test-method is-config="true" signature="Browser()[pri:0, instance:com.webapp.automation.test.HomePageTest@5f8edcc5]" started-at="2018-05-15T11:56:06Z" name="Browser" finished-at="2018-05-15T11:56:34Z" duration-ms="28012" status="PASS">
          <reporter-output>
          </reporter-output>
        </test-method> <!-- Browser -->
        <test-method signature="HomePagePopUpHandling()[pri:0, instance:com.webapp.automation.test.HomePageTest@5f8edcc5]" started-at="2018-05-15T11:56:34Z" name="HomePagePopUpHandling" finished-at="2018-05-15T11:56:36Z" duration-ms="1341" status="PASS">
          <reporter-output>
          </reporter-output>
        </test-method> <!-- HomePagePopUpHandling -->
        <test-method is-config="true" signature="tearDown()[pri:0, instance:com.webapp.automation.test.HomePageTest@5f8edcc5]" started-at="2018-05-15T11:56:36Z" name="tearDown" finished-at="2018-05-15T11:56:41Z" duration-ms="5595" status="PASS">
          <reporter-output>
          </reporter-output>
        </test-method> <!-- tearDown -->
      </class> <!-- com.webapp.automation.test.HomePageTest -->
    </test> <!-- Default test -->
  </suite> <!-- Default suite -->
</testng-results>
